<?xml version="1.0" encoding="UTF-8"?>
<testng-results ignored="0" total="6" passed="6" failed="0" skipped="0">
  <reporter-output>
  </reporter-output>
  <suite started-at="2023-05-08T18:35:50 MST" name="Suite1" finished-at="2023-05-08T18:36:28 MST" duration-ms="37384">
    <groups>
    </groups>
    <test started-at="2023-05-08T18:35:50 MST" name="Disappearing Elements Test" finished-at="2023-05-08T18:36:17 MST" duration-ms="26417">
      <class name="sonoranearshore.Tests.DisappearingElementsTest">
        <test-method is-config="true" signature="setUp()[pri:0, instance:sonoranearshore.Tests.DisappearingElementsTest@402bba4f]" started-at="2023-05-08T18:35:50 MST" name="setUp" finished-at="2023-05-08T18:36:05 MST" duration-ms="15061" status="PASS">
          <reporter-output>
          </reporter-output>
        </test-method> <!-- setUp -->
        <test-method signature="testDisappearingElements()[pri:0, instance:sonoranearshore.Tests.DisappearingElementsTest@402bba4f]" started-at="2023-05-08T18:36:05 MST" name="testDisappearingElements" finished-at="2023-05-08T18:36:16 MST" duration-ms="10772" status="PASS">
          <reporter-output>
          </reporter-output>
        </test-method> <!-- testDisappearingElements -->
        <test-method is-config="true" signature="tearDown()[pri:0, instance:sonoranearshore.Tests.DisappearingElementsTest@402bba4f]" started-at="2023-05-08T18:36:16 MST" name="tearDown" finished-at="2023-05-08T18:36:17 MST" duration-ms="446" status="PASS">
          <reporter-output>
          </reporter-output>
        </test-method> <!-- tearDown -->
      </class> <!-- sonoranearshore.Tests.DisappearingElementsTest -->
    </test> <!-- Disappearing Elements Test -->
    <test started-at="2023-05-08T18:35:50 MST" name="Context Menu Test" finished-at="2023-05-08T18:36:17 MST" duration-ms="27005">
      <class name="sonoranearshore.Tests.ContextMenuTest">
        <test-method is-config="true" signature="setUp()[pri:0, instance:sonoranearshore.Tests.ContextMenuTest@333291e3]" started-at="2023-05-08T18:35:50 MST" name="setUp" finished-at="2023-05-08T18:36:06 MST" duration-ms="15671" status="PASS">
          <reporter-output>
          </reporter-output>
        </test-method> <!-- setUp -->
        <test-method signature="testContextMenu()[pri:0, instance:sonoranearshore.Tests.ContextMenuTest@333291e3]" started-at="2023-05-08T18:36:06 MST" name="testContextMenu" finished-at="2023-05-08T18:36:17 MST" duration-ms="10652" status="PASS">
          <reporter-output>
          </reporter-output>
        </test-method> <!-- testContextMenu -->
        <test-method is-config="true" signature="tearDown()[pri:0, instance:sonoranearshore.Tests.ContextMenuTest@333291e3]" started-at="2023-05-08T18:36:17 MST" name="tearDown" finished-at="2023-05-08T18:36:17 MST" duration-ms="549" status="PASS">
          <reporter-output>
          </reporter-output>
        </test-method> <!-- tearDown -->
      </class> <!-- sonoranearshore.Tests.ContextMenuTest -->
    </test> <!-- Context Menu Test -->
    <test started-at="2023-05-08T18:35:50 MST" name="File Upload Test" finished-at="2023-05-08T18:36:17 MST" duration-ms="27003">
      <class name="sonoranearshore.Tests.FileUploadTest">
        <test-method is-config="true" signature="setUp()[pri:0, instance:sonoranearshore.Tests.FileUploadTest@6c80d78a]" started-at="2023-05-08T18:35:50 MST" name="setUp" finished-at="2023-05-08T18:36:05 MST" duration-ms="14778" status="PASS">
          <reporter-output>
          </reporter-output>
        </test-method> <!-- setUp -->
        <test-method signature="testFileUpload()[pri:0, instance:sonoranearshore.Tests.FileUploadTest@6c80d78a]" started-at="2023-05-08T18:36:05 MST" name="testFileUpload" finished-at="2023-05-08T18:36:17 MST" duration-ms="11680" status="PASS">
          <reporter-output>
          </reporter-output>
        </test-method> <!-- testFileUpload -->
        <test-method is-config="true" signature="tearDown()[pri:0, instance:sonoranearshore.Tests.FileUploadTest@6c80d78a]" started-at="2023-05-08T18:36:17 MST" name="tearDown" finished-at="2023-05-08T18:36:17 MST" duration-ms="422" status="PASS">
          <reporter-output>
          </reporter-output>
        </test-method> <!-- tearDown -->
      </class> <!-- sonoranearshore.Tests.FileUploadTest -->
    </test> <!-- File Upload Test -->
    <test started-at="2023-05-08T18:35:50 MST" name="File Download Test" finished-at="2023-05-08T18:36:21 MST" duration-ms="30387">
      <class name="sonoranearshore.Tests.FileDownloadTest">
        <test-method is-config="true" signature="setUp()[pri:0, instance:sonoranearshore.Tests.FileDownloadTest@441772e]" started-at="2023-05-08T18:35:50 MST" name="setUp" finished-at="2023-05-08T18:36:06 MST" duration-ms="15669" status="PASS">
          <reporter-output>
          </reporter-output>
        </test-method> <!-- setUp -->
        <test-method signature="testFileDownload()[pri:0, instance:sonoranearshore.Tests.FileDownloadTest@441772e]" started-at="2023-05-08T18:36:06 MST" name="testFileDownload" finished-at="2023-05-08T18:36:20 MST" duration-ms="14315" status="PASS">
          <reporter-output>
          </reporter-output>
        </test-method> <!-- testFileDownload -->
        <test-method is-config="true" signature="tearDown()[pri:0, instance:sonoranearshore.Tests.FileDownloadTest@441772e]" started-at="2023-05-08T18:36:20 MST" name="tearDown" finished-at="2023-05-08T18:36:21 MST" duration-ms="278" status="PASS">
          <reporter-output>
          </reporter-output>
        </test-method> <!-- tearDown -->
      </class> <!-- sonoranearshore.Tests.FileDownloadTest -->
    </test> <!-- File Download Test -->
    <test started-at="2023-05-08T18:35:50 MST" name="Add Remove Elements Test" finished-at="2023-05-08T18:36:23 MST" duration-ms="32598">
      <class name="sonoranearshore.Tests.AddRemoveElementsTest">
        <test-method is-config="true" signature="setUp()[pri:0, instance:sonoranearshore.Tests.AddRemoveElementsTest@48e4374]" started-at="2023-05-08T18:35:50 MST" name="setUp" finished-at="2023-05-08T18:36:06 MST" duration-ms="15994" status="PASS">
          <reporter-output>
          </reporter-output>
        </test-method> <!-- setUp -->
        <test-method signature="testAddRemoveElements()[pri:0, instance:sonoranearshore.Tests.AddRemoveElementsTest@48e4374]" started-at="2023-05-08T18:36:06 MST" name="testAddRemoveElements" finished-at="2023-05-08T18:36:22 MST" duration-ms="16096" status="PASS">
          <reporter-output>
          </reporter-output>
        </test-method> <!-- testAddRemoveElements -->
        <test-method is-config="true" signature="tearDown()[pri:0, instance:sonoranearshore.Tests.AddRemoveElementsTest@48e4374]" started-at="2023-05-08T18:36:22 MST" name="tearDown" finished-at="2023-05-08T18:36:23 MST" duration-ms="378" status="PASS">
          <reporter-output>
          </reporter-output>
        </test-method> <!-- tearDown -->
      </class> <!-- sonoranearshore.Tests.AddRemoveElementsTest -->
    </test> <!-- Add Remove Elements Test -->
    <test started-at="2023-05-08T18:36:17 MST" name="JS Alerts Test" finished-at="2023-05-08T18:36:28 MST" duration-ms="10511">
      <class name="sonoranearshore.Tests.JSAlertsTest">
        <test-method is-config="true" signature="setUp()[pri:0, instance:sonoranearshore.Tests.JSAlertsTest@5e0826e7]" started-at="2023-05-08T18:36:17 MST" name="setUp" finished-at="2023-05-08T18:36:23 MST" duration-ms="5961" status="PASS">
          <reporter-output>
          </reporter-output>
        </test-method> <!-- setUp -->
        <test-method signature="testJSAlerts()[pri:0, instance:sonoranearshore.Tests.JSAlertsTest@5e0826e7]" started-at="2023-05-08T18:36:23 MST" name="testJSAlerts" finished-at="2023-05-08T18:36:27 MST" duration-ms="4174" status="PASS">
          <reporter-output>
          </reporter-output>
        </test-method> <!-- testJSAlerts -->
        <test-method is-config="true" signature="tearDown()[pri:0, instance:sonoranearshore.Tests.JSAlertsTest@5e0826e7]" started-at="2023-05-08T18:36:27 MST" name="tearDown" finished-at="2023-05-08T18:36:28 MST" duration-ms="247" status="PASS">
          <reporter-output>
          </reporter-output>
        </test-method> <!-- tearDown -->
      </class> <!-- sonoranearshore.Tests.JSAlertsTest -->
    </test> <!-- JS Alerts Test -->
  </suite> <!-- Suite1 -->
</testng-results>
